{
  "stats": {
    "suites": 1,
    "tests": 1,
    "passes": 1,
    "pending": 0,
    "failures": 0,
    "start": "2022-06-29T02:16:18.246Z",
    "end": "2022-06-29T02:16:25.308Z",
    "duration": 7062,
    "testsRegistered": 1,
    "passPercent": 100,
    "pendingPercent": 0,
    "other": 0,
    "hasOther": false,
    "skipped": 0,
    "hasSkipped": false
  },
  "results": [
    {
      "uuid": "3865f5c5-7276-4403-ae4a-4a0afc7933a5",
      "title": "",
      "fullFile": "cypress/integration/BDD/product.feature",
      "file": "cypress/integration/BDD/product.feature",
      "beforeHooks": [],
      "afterHooks": [],
      "tests": [],
      "suites": [
        {
          "uuid": "bb024694-8a4b-4bfe-b7b3-76803b7326df",
          "title": "Product Feature",
          "fullFile": "",
          "file": "",
          "beforeHooks": [],
          "afterHooks": [],
          "tests": [
            {
              "title": "Verify Product Page Links",
              "fullTitle": "Product Feature Verify Product Page Links",
              "timedOut": null,
              "duration": 4748,
              "state": "passed",
              "speed": "fast",
              "pass": true,
              "fail": false,
              "pending": false,
              "context": null,
              "code": "const state = window.testState;\nreturn cy\n  .then(() => state.onStartScenario(scenario, indexedSteps))\n  .then(() =>\n    resolveAndRunBeforeHooks.call(this, scenario.tags, state.feature.name)\n  )\n  .then(() =>\n    indexedSteps.forEach((step) =>\n      stepTest.call(this, state, step, rowData)\n    )\n  )\n  .then(() => state.onFinishScenario(scenario));",
              "err": {},
              "uuid": "c1206a7b-4a46-4cc5-bf01-8924d2a05584",
              "parentUUID": "bb024694-8a4b-4bfe-b7b3-76803b7326df",
              "isHook": false,
              "skipped": false
            }
          ],
          "suites": [],
          "passes": [
            "c1206a7b-4a46-4cc5-bf01-8924d2a05584"
          ],
          "failures": [],
          "pending": [],
          "skipped": [],
          "duration": 4748,
          "root": false,
          "rootEmpty": false,
          "_timeout": 2000
        }
      ],
      "passes": [],
      "failures": [],
      "pending": [],
      "skipped": [],
      "duration": 0,
      "root": true,
      "rootEmpty": true,
      "_timeout": 2000
    }
  ],
  "meta": {
    "mocha": {
      "version": "7.0.1"
    },
    "mochawesome": {
      "options": {
        "quiet": false,
        "reportFilename": "mochawesome",
        "saveHtml": true,
        "saveJson": true,
        "consoleReporter": "spec",
        "useInlineDiffs": false,
        "code": true
      },
      "version": "7.1.3"
    },
    "marge": {
      "options": null,
      "version": "6.2.0"
    }
  }
}